<?xml version="1.0" encoding="UTF-8"?>
<robot generator="Robot 3.2.2 (Python 3.8.6 on linux)" generated="20210414 17:50:25.294" rpa="false">
<suite id="s1" name="Registration Detail" source="/home/milind/Documents/Python Scripts/robot-bdd/registration_detail.robot">
<test id="s1-t1" name="Registration with valid details">
<kw name="Given I launch chrome browser" library="registration_detail_step_definitions">
<kw name="Open Browser" library="SeleniumLibrary">
<doc>Opens a new browser instance to the optional ``url``.</doc>
<arguments>
<arg>https://www.google.com</arg>
<arg>chrome</arg>
</arguments>
<msg timestamp="20210414 17:50:25.446" level="INFO">Opening browser 'chrome' to base url 'https://www.google.com'.</msg>
<status status="PASS" starttime="20210414 17:50:25.446" endtime="20210414 17:50:27.605"></status>
</kw>
<status status="PASS" starttime="20210414 17:50:25.445" endtime="20210414 17:50:27.605"></status>
</kw>
<kw name="When I enter the URL" library="registration_detail_step_definitions">
<kw name="Go To" library="SeleniumLibrary">
<doc>Navigates the current browser window to the provided ``url``.</doc>
<arguments>
<arg>https://www.github.com</arg>
</arguments>
<msg timestamp="20210414 17:50:27.606" level="INFO">Opening url 'https://www.github.com'</msg>
<status status="PASS" starttime="20210414 17:50:27.606" endtime="20210414 17:50:29.033"></status>
</kw>
<status status="PASS" starttime="20210414 17:50:27.606" endtime="20210414 17:50:29.033"></status>
</kw>
<kw name="Then I should see the home screen" library="registration_detail_step_definitions">
<kw name="Title Should Be" library="SeleniumLibrary">
<doc>Verifies that the current page title equals ``title``.</doc>
<arguments>
<arg>GitHub: Where the world builds software · GitHub</arg>
</arguments>
<msg timestamp="20210414 17:50:30.225" level="INFO">Page title is 'GitHub: Where the world builds software · GitHub'.</msg>
<status status="PASS" starttime="20210414 17:50:29.035" endtime="20210414 17:50:30.225"></status>
</kw>
<status status="PASS" starttime="20210414 17:50:29.035" endtime="20210414 17:50:30.226"></status>
</kw>
<status status="PASS" starttime="20210414 17:50:25.444" endtime="20210414 17:50:30.226" critical="yes"></status>
</test>
<metadata>
<item name="Feature">Registration detail</item>
<item name="Generated by">_gherkin2robotframework on 2021-04-14T17:35:23.876023_</item>
</metadata>
<status status="PASS" starttime="20210414 17:50:25.295" endtime="20210414 17:50:30.228"></status>
</suite>
<statistics>
<total>
<stat pass="1" fail="0">Critical Tests</stat>
<stat pass="1" fail="0">All Tests</stat>
</total>
<tag>
</tag>
<suite>
<stat pass="1" fail="0" id="s1" name="Registration Detail">Registration Detail</stat>
</suite>
</statistics>
<errors>
</errors>
</robot>
